#
# An unexpected error has been detected by Java Runtime Environment:
#
#  EXCEPTION_ACCESS_VIOLATION (0xc0000005) at pc=0x6d0e4e45, pid=6068, tid=5372
#
# Java VM: Java HotSpot(TM) Client VM (1.6.0_02-b06 mixed mode, sharing)
# Problematic frame:
# C  [awt.dll+0xe4e45]
#
# If you would like to submit a bug report, please visit:
#   http://java.sun.com/webapps/bugreport/crash.jsp
#

---------------  T H R E A D  ---------------

Current thread (0x02b66800):  JavaThread "AWT-Windows" daemon [_thread_in_native, id=5372]

siginfo: ExceptionCode=0xc0000005, reading address 0x02bc8910

Registers:
EAX=0x00000000, EBX=0x00000111, ECX=0x02ba88f0, EDX=0x00008008
ESP=0x02f8f73c, EBP=0x00008008, ESI=0x02b27490, EDI=0x7c8114ab
EIP=0x6d0e4e45, EFLAGS=0x00010296

Top of Stack: (sp=0x02f8f73c)
0x02f8f73c:   7c8114ab 03288360 02b27490 02f8f794
0x02f8f74c:   6d13cc18 ffffffff 6d101827 00008008
0x02f8f75c:   6d104916 00008008 00000000 00000000
0x02f8f76c:   00008008 03288360 02f8f7ec 00000111
0x02f8f77c:   00000001 02f8f854 002001e0 02f8f7c0
0x02f8f78c:   00000000 02b668ec 02f8f7e0 6d13d588
0x02f8f79c:   00000000 6d12b59e 00000111 00008008
0x02f8f7ac:   00000000 02f8f854 002001e0 00000000 

Instructions: (pc=0x6d0e4e45)
0x6d0e4e35:   51 56 8b f1 8b 06 57 ff 10 8b 4e 38 8b 54 24 1c
0x6d0e4e45:   8b 3c 91 81 ff 00 80 00 00 8b ce c7 44 24 14 ff 


Stack: [0x02f40000,0x02f90000),  sp=0x02f8f73c,  free space=317k
Native frames: (J=compiled Java code, j=interpreted, Vv=VM code, C=native code)
C  [awt.dll+0xe4e45]

[error occurred during error reporting, step 120, id 0xc0000005]

Java frames: (J=compiled Java code, j=interpreted, Vv=VM code)
j  sun.awt.windows.WToolkit.eventLoop()V+0
j  sun.awt.windows.WToolkit.run()V+69
j  java.lang.Thread.run()V+11
v  ~StubRoutines::call_stub

---------------  P R O C E S S  ---------------

Java Threads: ( => current thread )
  0x0322f400 JavaThread "TimerQueue" daemon [_thread_blocked, id=4856]
  0x00306400 JavaThread "DestroyJavaVM" [_thread_blocked, id=4184]
  0x031b8800 JavaThread "AWT-EventQueue-0" [_thread_blocked, id=4660]
=>0x02b66800 JavaThread "AWT-Windows" daemon [_thread_in_native, id=5372]
  0x02b65c00 JavaThread "AWT-Shutdown" [_thread_blocked, id=2352]
  0x02b64000 JavaThread "Java2D Disposer" daemon [_thread_blocked, id=4312]
  0x02add000 JavaThread "Low Memory Detector" daemon [_thread_blocked, id=4772]
  0x02adb800 JavaThread "CompilerThread0" daemon [_thread_blocked, id=3544]
  0x02ad7000 JavaThread "Attach Listener" daemon [_thread_blocked, id=160]
  0x02ad6400 JavaThread "Signal Dispatcher" daemon [_thread_blocked, id=1984]
  0x02ace400 JavaThread "Finalizer" daemon [_thread_blocked, id=2724]
  0x02acd400 JavaThread "Reference Handler" daemon [_thread_blocked, id=4400]

Other Threads:
  0x02ac4000 VMThread [id=1728]
  0x02ade800 WatcherThread [id=1604]

VM state:not at safepoint (normal execution)

VM Mutex/Monitor currently owned by a thread: None

Heap
 def new generation   total 960K, used 579K [0x22960000, 0x22a60000, 0x22e40000)
  eden space 896K,  62% used [0x22960000, 0x229eb148, 0x22a40000)
  from space 64K,  35% used [0x22a40000, 0x22a45ae8, 0x22a50000)
  to   space 64K,   0% used [0x22a50000, 0x22a50000, 0x22a60000)
 tenured generation   total 7784K, used 6854K [0x22e40000, 0x235da000, 0x26960000)
   the space 7784K,  88% used [0x22e40000, 0x234f1928, 0x234f1a00, 0x235da000)
 compacting perm gen  total 12288K, used 296K [0x26960000, 0x27560000, 0x2a960000)
   the space 12288K,   2% used [0x26960000, 0x269aa0a0, 0x269aa200, 0x27560000)
    ro space 8192K,  62% used [0x2a960000, 0x2ae5f728, 0x2ae5f800, 0x2b160000)
    rw space 12288K,  52% used [0x2b160000, 0x2b7a1eb8, 0x2b7a2000, 0x2bd60000)

Dynamic libraries:
0x00400000 - 0x00437000 	C:\WINDOWS\system32\java.exe
0x7c900000 - 0x7c9b0000 	C:\WINDOWS\system32\ntdll.dll
0x7c800000 - 0x7c8f4000 	C:\WINDOWS\system32\kernel32.dll
0x77dd0000 - 0x77e6b000 	C:\WINDOWS\system32\ADVAPI32.dll
0x77e70000 - 0x77f01000 	C:\WINDOWS\system32\RPCRT4.dll
0x7c340000 - 0x7c396000 	C:\Program Files\Java\jre1.6.0_02\bin\msvcr71.dll
0x6d7c0000 - 0x6da09000 	C:\Program Files\Java\jre1.6.0_02\bin\client\jvm.dll
0x77d40000 - 0x77dd0000 	C:\WINDOWS\system32\USER32.dll
0x77f10000 - 0x77f56000 	C:\WINDOWS\system32\GDI32.dll
0x76b40000 - 0x76b6d000 	C:\WINDOWS\system32\WINMM.dll
0x6d310000 - 0x6d318000 	C:\Program Files\Java\jre1.6.0_02\bin\hpi.dll
0x76bf0000 - 0x76bfb000 	C:\WINDOWS\system32\PSAPI.DLL
0x6d770000 - 0x6d77c000 	C:\Program Files\Java\jre1.6.0_02\bin\verify.dll
0x6d3b0000 - 0x6d3cf000 	C:\Program Files\Java\jre1.6.0_02\bin\java.dll
0x6d7b0000 - 0x6d7bf000 	C:\Program Files\Java\jre1.6.0_02\bin\zip.dll
0x6d000000 - 0x6d1c3000 	C:\Program Files\Java\jre1.6.0_02\bin\awt.dll
0x73000000 - 0x73026000 	C:\WINDOWS\system32\WINSPOOL.DRV
0x77c10000 - 0x77c68000 	C:\WINDOWS\system32\msvcrt.dll
0x76390000 - 0x763ad000 	C:\WINDOWS\system32\IMM32.dll
0x774e0000 - 0x7761c000 	C:\WINDOWS\system32\ole32.dll
0x5ad70000 - 0x5ada8000 	C:\WINDOWS\system32\uxtheme.dll
0x73760000 - 0x737a9000 	C:\WINDOWS\system32\ddraw.dll
0x73bc0000 - 0x73bc6000 	C:\WINDOWS\system32\DCIMAN32.dll
0x6d2b0000 - 0x6d303000 	C:\Program Files\Java\jre1.6.0_02\bin\fontmanager.dll
0x74720000 - 0x7476b000 	C:\WINDOWS\system32\MSCTF.dll
0x7c9c0000 - 0x7d1d4000 	C:\WINDOWS\system32\shell32.dll
0x77f60000 - 0x77fd6000 	C:\WINDOWS\system32\SHLWAPI.dll
0x773d0000 - 0x774d2000 	C:\WINDOWS\WinSxS\x86_Microsoft.Windows.Common-Controls_6595b64144ccf1df_6.0.2600.2180_x-ww_a84f1ff9\comctl32.dll
0x5d090000 - 0x5d127000 	C:\WINDOWS\system32\comctl32.dll
0x6d570000 - 0x6d583000 	C:\Program Files\Java\jre1.6.0_02\bin\net.dll
0x71ab0000 - 0x71ac7000 	C:\WINDOWS\system32\WS2_32.dll
0x71aa0000 - 0x71aa8000 	C:\WINDOWS\system32\WS2HELP.dll
0x6d590000 - 0x6d599000 	C:\Program Files\Java\jre1.6.0_02\bin\nio.dll
0x77120000 - 0x771ac000 	C:\WINDOWS\system32\OLEAUT32.DLL
0x71a50000 - 0x71a8f000 	C:\WINDOWS\system32\mswsock.dll
0x662b0000 - 0x66308000 	C:\WINDOWS\system32\hnetcfg.dll
0x71a90000 - 0x71a98000 	C:\WINDOWS\System32\wshtcpip.dll
0x76f20000 - 0x76f47000 	C:\WINDOWS\system32\DNSAPI.dll
0x76d60000 - 0x76d79000 	C:\WINDOWS\system32\iphlpapi.dll
0x76fb0000 - 0x76fb8000 	C:\WINDOWS\System32\winrnr.dll
0x76f60000 - 0x76f8c000 	C:\WINDOWS\system32\WLDAP32.dll
0x76fc0000 - 0x76fc6000 	C:\WINDOWS\system32\rasadhlp.dll
0x6d220000 - 0x6d243000 	C:\Program Files\Java\jre1.6.0_02\bin\dcpr.dll

VM Arguments:
java_command: Host4
Launcher Type: SUN_STANDARD

Environment Variables:
JAVA_HOME=C:\Program Files\Java\jdk1.6.0_02
CLASSPATH=C:\Program Files\Java\jdk1.6.0_02\jre\lib\rt.jar;C:\Apache Software Foundation\Tomcat 5.0\server\lib;C:\Apache Software Foundation\Tomcat 5.0\common\lib\servlet-api.jar;C:\Apache Software Foundation\Tomcat 5.0\common\lib\jsp-api.jar;C:\Apache Software Foundation\Tomcat 5.0\common\lib\tools.jar;
PATH=C:\oraclexe\app\oracle\product\10.2.0\server\bin;C:\WINDOWS\system32;C:\WINDOWS;C:\WINDOWS\System32\Wbem;C:\Program Files\Microsoft SQL Server\80\Tools\Binn\;C:\Program Files\Microsoft SQL Server\90\DTS\Binn\;C:\Program Files\Microsoft SQL Server\90\Tools\binn\;C:\Program Files\Microsoft SQL Server\90\Tools\Binn\VSShell\Common7\IDE\;C:\Program Files\Microsoft Visual Studio 8\Common7\IDE\PrivateAssemblies\;F:\SOURCE CODE\VoiceBrowser\cgjsapi163.dll;C:\Program Files\Java\jdk1.6.0_02\bin
USERNAME=Administrator
OS=Windows_NT
PROCESSOR_IDENTIFIER=x86 Family 15 Model 4 Stepping 9, GenuineIntel



---------------  S Y S T E M  ---------------

OS: Windows XP Build 2600 Service Pack 2

CPU:total 2 (1 cores per cpu, 2 threads per core) family 15 model 4 stepping 9, cmov, cx8, fxsr, mmx, sse, sse2, sse3, ht

Memory: 4k page, physical 456528k(103816k free), swap 1080428k(273488k free)

vm_info: Java HotSpot(TM) Client VM (1.6.0_02-b06) for windows-x86, built on Jul 12 2007 01:16:14 by "java_re" with unknown MS VC++:1310

