#
# An unexpected error has been detected by Java Runtime Environment:
#
#  EXCEPTION_ACCESS_VIOLATION (0xc0000005) at pc=0x6d10182f, pid=3380, tid=3776
#
# Java VM: Java HotSpot(TM) Client VM (1.6.0_02-b06 mixed mode, sharing)
# Problematic frame:
# C  [awt.dll+0x10182f]
#
# If you would like to submit a bug report, please visit:
#   http://java.sun.com/webapps/bugreport/crash.jsp
#

---------------  T H R E A D  ---------------

Current thread (0x02b0b800):  JavaThread "AWT-Windows" daemon [_thread_in_native, id=3776]

siginfo: ExceptionCode=0xc0000005, reading address 0x00000004

Registers:
EAX=0x02b19d60, EBX=0x00000111, ECX=0x02b19d60, EDX=0x00000000
ESP=0x02f8f75c, EBP=0x00008008, ESI=0x031ff628, EDI=0x7c8114ab
EIP=0x6d10182f, EFLAGS=0x00010206

Top of Stack: (sp=0x02f8f75c)
0x02f8f75c:   6d104916 00008008 00000000 00000000
0x02f8f76c:   00008008 031ff628 02f8f7ec 00000111
0x02f8f77c:   00000001 02f8f854 0015023e 02f8f7c0
0x02f8f78c:   00000000 02b0b8ec 02f8f7e0 6d13d588
0x02f8f79c:   00000000 6d12b59e 00000111 00008008
0x02f8f7ac:   00000000 02f8f854 0015023e 00000000
0x02f8f7bc:   00000000 6d0fc228 00000111 00008008
0x02f8f7cc:   00000000 02f8f854 6d0fc1d0 00000000 

Instructions: (pc=0x6d10182f)
0x6d10181f:   67 18 6d e8 49 64 02 00 85 c0 74 07 8b 10 8b c8
0x6d10182f:   ff 52 04 b8 02 00 00 00 c2 0c 00 50 e8 70 ee ff 


Stack: [0x02f40000,0x02f90000),  sp=0x02f8f75c,  free space=317k
Native frames: (J=compiled Java code, j=interpreted, Vv=VM code, C=native code)
C  [awt.dll+0x10182f]

[error occurred during error reporting, step 120, id 0xc0000005]

Java frames: (J=compiled Java code, j=interpreted, Vv=VM code)
j  sun.awt.windows.WToolkit.eventLoop()V+0
j  sun.awt.windows.WToolkit.run()V+69
j  java.lang.Thread.run()V+11
v  ~StubRoutines::call_stub

---------------  P R O C E S S  ---------------

Java Threads: ( => current thread )
  0x00306800 JavaThread "DestroyJavaVM" [_thread_blocked, id=1052]
  0x02b8e400 JavaThread "AWT-EventQueue-0" [_thread_blocked, id=3372]
=>0x02b0b800 JavaThread "AWT-Windows" daemon [_thread_in_native, id=3776]
  0x02b08000 JavaThread "AWT-Shutdown" [_thread_blocked, id=3988]
  0x02b0a400 JavaThread "Java2D Disposer" daemon [_thread_blocked, id=2928]
  0x02add400 JavaThread "Low Memory Detector" daemon [_thread_blocked, id=2768]
  0x02ad9400 JavaThread "CompilerThread0" daemon [_thread_blocked, id=3752]
  0x02ad7400 JavaThread "Attach Listener" daemon [_thread_blocked, id=2216]
  0x02ad6400 JavaThread "Signal Dispatcher" daemon [_thread_blocked, id=1144]
  0x02ad1c00 JavaThread "Finalizer" daemon [_thread_blocked, id=4036]
  0x02acd400 JavaThread "Reference Handler" daemon [_thread_blocked, id=2036]

Other Threads:
  0x02ac4400 VMThread [id=3924]
  0x02ade800 WatcherThread [id=3252]

VM state:not at safepoint (normal execution)

VM Mutex/Monitor currently owned by a thread: None

Heap
 def new generation   total 960K, used 414K [0x22960000, 0x22a60000, 0x22e40000)
  eden space 896K,  45% used [0x22960000, 0x229c5810, 0x22a40000)
  from space 64K,  13% used [0x22a50000, 0x22a52150, 0x22a60000)
  to   space 64K,   0% used [0x22a40000, 0x22a40000, 0x22a50000)
 tenured generation   total 4096K, used 1977K [0x22e40000, 0x23240000, 0x26960000)
   the space 4096K,  48% used [0x22e40000, 0x2302e448, 0x2302e600, 0x23240000)
 compacting perm gen  total 12288K, used 210K [0x26960000, 0x27560000, 0x2a960000)
   the space 12288K,   1% used [0x26960000, 0x269949c0, 0x26994a00, 0x27560000)
    ro space 8192K,  62% used [0x2a960000, 0x2ae5f728, 0x2ae5f800, 0x2b160000)
    rw space 12288K,  52% used [0x2b160000, 0x2b7a1eb8, 0x2b7a2000, 0x2bd60000)

Dynamic libraries:
0x00400000 - 0x00437000 	C:\WINDOWS\system32\java.exe
0x7c900000 - 0x7c9b0000 	C:\WINDOWS\system32\ntdll.dll
0x7c800000 - 0x7c8f4000 	C:\WINDOWS\system32\kernel32.dll
0x77dd0000 - 0x77e6b000 	C:\WINDOWS\system32\ADVAPI32.dll
0x77e70000 - 0x77f01000 	C:\WINDOWS\system32\RPCRT4.dll
0x7c340000 - 0x7c396000 	C:\Program Files\Java\jre1.6.0_02\bin\msvcr71.dll
0x6d7c0000 - 0x6da09000 	C:\Program Files\Java\jre1.6.0_02\bin\client\jvm.dll
0x77d40000 - 0x77dd0000 	C:\WINDOWS\system32\USER32.dll
0x77f10000 - 0x77f56000 	C:\WINDOWS\system32\GDI32.dll
0x76b40000 - 0x76b6d000 	C:\WINDOWS\system32\WINMM.dll
0x6d310000 - 0x6d318000 	C:\Program Files\Java\jre1.6.0_02\bin\hpi.dll
0x76bf0000 - 0x76bfb000 	C:\WINDOWS\system32\PSAPI.DLL
0x6d770000 - 0x6d77c000 	C:\Program Files\Java\jre1.6.0_02\bin\verify.dll
0x6d3b0000 - 0x6d3cf000 	C:\Program Files\Java\jre1.6.0_02\bin\java.dll
0x6d7b0000 - 0x6d7bf000 	C:\Program Files\Java\jre1.6.0_02\bin\zip.dll
0x6d000000 - 0x6d1c3000 	C:\Program Files\Java\jre1.6.0_02\bin\awt.dll
0x73000000 - 0x73026000 	C:\WINDOWS\system32\WINSPOOL.DRV
0x77c10000 - 0x77c68000 	C:\WINDOWS\system32\msvcrt.dll
0x76390000 - 0x763ad000 	C:\WINDOWS\system32\IMM32.dll
0x774e0000 - 0x7761c000 	C:\WINDOWS\system32\ole32.dll
0x5ad70000 - 0x5ada8000 	C:\WINDOWS\system32\uxtheme.dll
0x73760000 - 0x737a9000 	C:\WINDOWS\system32\ddraw.dll
0x73bc0000 - 0x73bc6000 	C:\WINDOWS\system32\DCIMAN32.dll
0x6d2b0000 - 0x6d303000 	C:\Program Files\Java\jre1.6.0_02\bin\fontmanager.dll
0x74720000 - 0x7476b000 	C:\WINDOWS\system32\MSCTF.dll
0x7c9c0000 - 0x7d1d4000 	C:\WINDOWS\system32\shell32.dll
0x77f60000 - 0x77fd6000 	C:\WINDOWS\system32\SHLWAPI.dll
0x773d0000 - 0x774d2000 	C:\WINDOWS\WinSxS\x86_Microsoft.Windows.Common-Controls_6595b64144ccf1df_6.0.2600.2180_x-ww_a84f1ff9\comctl32.dll
0x5d090000 - 0x5d127000 	C:\WINDOWS\system32\comctl32.dll
0x6d570000 - 0x6d583000 	C:\Program Files\Java\jre1.6.0_02\bin\net.dll
0x71ab0000 - 0x71ac7000 	C:\WINDOWS\system32\WS2_32.dll
0x71aa0000 - 0x71aa8000 	C:\WINDOWS\system32\WS2HELP.dll
0x6d590000 - 0x6d599000 	C:\Program Files\Java\jre1.6.0_02\bin\nio.dll
0x77120000 - 0x771ac000 	C:\WINDOWS\system32\OLEAUT32.DLL
0x71a50000 - 0x71a8f000 	C:\WINDOWS\system32\mswsock.dll
0x662b0000 - 0x66308000 	C:\WINDOWS\system32\hnetcfg.dll
0x71a90000 - 0x71a98000 	C:\WINDOWS\System32\wshtcpip.dll

VM Arguments:
java_command: Host3
Launcher Type: SUN_STANDARD

Environment Variables:
JAVA_HOME=C:\Program Files\Java\jdk1.5.0
CLASSPATH=.;C:\Program Files\Java\jdk1.5.0\jre\lib\rt.jar;C:\Apache Software Foundation\Tomcat 5.0\server\lib;C:\Apache Software Foundation\Tomcat 5.0\common\lib\servlet-api.jar;C:\Apache Software Foundation\Tomcat 5.0\common\lib\jsp-api.jar;C:\Apache Software Foundation\Tomcat 5.0\common\lib\tools.jar;C:\Program Files\Java\jdk1.5.0\lib\tools.jar;C:\Program Files\Apache Software Foundation\Tomcat 5.0\common\lib\servlet-api.jar
PATH=C:\oraclexe\app\oracle\product\10.2.0\server\bin;C:\WINDOWS\system32;C:\WINDOWS;C:\WINDOWS\System32\Wbem;C:\Program Files\Microsoft SQL Server\80\Tools\Binn\;C:\Program Files\Microsoft SQL Server\90\DTS\Binn\;C:\Program Files\Microsoft SQL Server\90\Tools\binn\;C:\Program Files\Microsoft SQL Server\90\Tools\Binn\VSShell\Common7\IDE\;C:\Program Files\Microsoft Visual Studio 8\Common7\IDE\PrivateAssemblies\;F:\SOURCE CODE\VoiceBrowser\cgjsapi163.dll;C:\Program Files\Java\jdk1.5.0\bin
USERNAME=Administrator
OS=Windows_NT
PROCESSOR_IDENTIFIER=x86 Family 15 Model 4 Stepping 9, GenuineIntel



---------------  S Y S T E M  ---------------

OS: Windows XP Build 2600 Service Pack 2

CPU:total 2 (1 cores per cpu, 2 threads per core) family 15 model 4 stepping 9, cmov, cx8, fxsr, mmx, sse, sse2, sse3, ht

Memory: 4k page, physical 456528k(133820k free), swap 1080428k(378232k free)

vm_info: Java HotSpot(TM) Client VM (1.6.0_02-b06) for windows-x86, built on Jul 12 2007 01:16:14 by "java_re" with unknown MS VC++:1310

